<?xml version="1.0" encoding="UTF-8"?>
<!-- Generated by org.testng.reporters.JUnitReportReporter -->
<testsuite skipped="0" hostname="ip-172-31-14-205" name="com.learn.annotations.TestAnnotations" tests="2" failures="0" timestamp="2021-05-12T21:47:57 UTC" time="0.008" errors="0">
  <testcase name="test1" time="0.006" classname="com.learn.annotations.TestAnnotations"/>
  <system-out/>
  <testcase name="test2" time="0.002" classname="com.learn.annotations.TestAnnotations"/>
  <system-out/>
</testsuite> <!-- com.learn.annotations.TestAnnotations -->
